app/build/intermediates/manifest_merge_blame_file/debug/manifest-merger-blame-debug-report.txt
1<?xml version="1.0" encoding="utf-8"?>
2<manifest xmlns:android="http://schemas.android.com/apk/res/android"
3    package="com.app.HeistVPN"
4    android:versionCode="1"
5    android:versionName="1.0" >
6
7    <uses-sdk
8        android:minSdkVersion="19"
8-->src\main\AndroidManifest.xml
9        android:targetSdkVersion="30" />
9-->src\main\AndroidManifest.xml
10
11    <uses-permission android:name="android.permission.INTERNET" />
11-->src\main\AndroidManifest.xml:6:5-67
11-->src\main\AndroidManifest.xml:6:22-64
12    <uses-permission android:name="android.permission.FOREGROUND_SERVICE" />
12-->src\main\AndroidManifest.xml:7:5-77
12-->src\main\AndroidManifest.xml:7:22-74
13    <uses-permission android:name="com.android.vending.BILLING" />
13-->src\main\AndroidManifest.xml:8:5-67
13-->src\main\AndroidManifest.xml:8:22-64
14    <uses-permission android:name="android.permission.READ_EXTERNAL_STORAGE" />
14-->[com.github.pepperonas:materialdialog:0.3.4] AndroidManifest.xml:26:5-80
14-->[com.github.pepperonas:materialdialog:0.3.4] AndroidManifest.xml:26:22-77
15    <uses-permission android:name="android.permission.WRITE_EXTERNAL_STORAGE" />
15-->[com.github.pepperonas:materialdialog:0.3.4] AndroidManifest.xml:27:5-81
15-->[com.github.pepperonas:materialdialog:0.3.4] AndroidManifest.xml:27:22-78
16    <uses-permission android:name="android.permission.ACCESS_WIFI_STATE" />
16-->[com.github.AnchorFreePartner.hydra-sdk-android:sdk-core:3.4.0] AndroidManifest.xml:12:5-76
16-->[com.github.AnchorFreePartner.hydra-sdk-android:sdk-core:3.4.0] AndroidManifest.xml:12:22-73
17    <uses-permission android:name="android.permission.ACCESS_NETWORK_STATE" /> <!-- Android package visibility setting -->
17-->[com.github.AnchorFreePartner.hydra-sdk-android:sdk-core:3.4.0] AndroidManifest.xml:14:5-79
17-->[com.github.AnchorFreePartner.hydra-sdk-android:sdk-core:3.4.0] AndroidManifest.xml:14:22-76
18    <queries>
18-->[com.google.android.gms:play-services-ads-lite:20.2.0] AndroidManifest.xml:27:5-43:15
19
20        <!-- For browser content -->
21        <intent>
21-->[com.google.android.gms:play-services-ads-lite:20.2.0] AndroidManifest.xml:30:9-36:18
22            <action android:name="android.intent.action.VIEW" />
22-->[com.google.android.gms:play-services-ads-lite:20.2.0] AndroidManifest.xml:31:13-65
22-->[com.google.android.gms:play-services-ads-lite:20.2.0] AndroidManifest.xml:31:21-62
23
24            <category android:name="android.intent.category.BROWSABLE" />
24-->[com.google.android.gms:play-services-ads-lite:20.2.0] AndroidManifest.xml:33:13-74
24-->[com.google.android.gms:play-services-ads-lite:20.2.0] AndroidManifest.xml:33:23-71
25
26            <data android:scheme="https" />
26-->[com.google.android.gms:play-services-ads-lite:20.2.0] AndroidManifest.xml:35:13-44
26-->[com.google.android.gms:play-services-ads-lite:20.2.0] AndroidManifest.xml:35:19-41
27        </intent>
28        <!-- End of browser content -->
29        <!-- For CustomTabsService -->
30        <intent>
30-->[com.google.android.gms:play-services-ads-lite:20.2.0] AndroidManifest.xml:39:9-41:18
31            <action android:name="android.support.customtabs.action.CustomTabsService" />
31-->[com.google.android.gms:play-services-ads-lite:20.2.0] AndroidManifest.xml:40:13-90
31-->[com.google.android.gms:play-services-ads-lite:20.2.0] AndroidManifest.xml:40:21-87
32        </intent>
33        <!-- End of CustomTabsService -->
34    </queries>
35
36    <uses-permission android:name="android.permission.WAKE_LOCK" />
36-->[com.google.android.gms:play-services-measurement-sdk-api:18.0.0] AndroidManifest.xml:25:5-68
36-->[com.google.android.gms:play-services-measurement-sdk-api:18.0.0] AndroidManifest.xml:25:22-65
37    <uses-permission android:name="android.permission.RECEIVE_BOOT_COMPLETED" />
37-->[androidx.work:work-runtime:2.1.0] AndroidManifest.xml:27:5-81
37-->[androidx.work:work-runtime:2.1.0] AndroidManifest.xml:27:22-78
38
39    <application
39-->src\main\AndroidManifest.xml:10:5-42:19
40        android:name="com.app.HeistVPN.MainApplication"
40-->src\main\AndroidManifest.xml:11:9-56
41        android:allowBackup="true"
41-->src\main\AndroidManifest.xml:12:9-35
42        android:appComponentFactory="androidx.core.app.CoreComponentFactory"
42-->[androidx.core:core:1.5.0] AndroidManifest.xml:24:18-86
43        android:debuggable="true"
44        android:icon="@mipmap/ic_launcher"
44-->src\main\AndroidManifest.xml:13:9-43
45        android:label="@string/app_name"
45-->src\main\AndroidManifest.xml:14:9-41
46        android:networkSecurityConfig="@xml/sdk_captive_portal_network_security"
46-->[com.github.AnchorFreePartner.hydra-sdk-android:sdk-core:3.4.0] AndroidManifest.xml:18:9-81
47        android:roundIcon="@mipmap/ic_launcher_round"
47-->src\main\AndroidManifest.xml:15:9-54
48        android:supportsRtl="true"
48-->src\main\AndroidManifest.xml:16:9-35
49        android:testOnly="true"
50        android:theme="@style/AppTheme" >
50-->src\main\AndroidManifest.xml:17:9-40
51        <activity
51-->src\main\AndroidManifest.xml:21:9-29:20
52            android:name="com.app.HeistVPN.activity.SplashActivity"
52-->src\main\AndroidManifest.xml:22:13-68
53            android:theme="@style/splashTheme" >
53-->src\main\AndroidManifest.xml:23:13-47
54            <intent-filter>
54-->src\main\AndroidManifest.xml:24:13-28:29
55                <action android:name="android.intent.action.MAIN" />
55-->src\main\AndroidManifest.xml:25:17-69
55-->src\main\AndroidManifest.xml:25:25-66
56
57                <category android:name="android.intent.category.LAUNCHER" />
57-->src\main\AndroidManifest.xml:27:17-77
57-->src\main\AndroidManifest.xml:27:27-74
58            </intent-filter>
59        </activity>
60        <activity android:name="com.app.HeistVPN.activity.About" />
60-->src\main\AndroidManifest.xml:30:9-68
60-->src\main\AndroidManifest.xml:30:19-65
61        <activity android:name="com.app.HeistVPN.activity.Faq" /> <!-- google ads -->
61-->src\main\AndroidManifest.xml:31:9-66
61-->src\main\AndroidManifest.xml:31:19-63
62        <meta-data
62-->src\main\AndroidManifest.xml:32:9-34:52
63            android:name="com.google.android.gms.ads.APPLICATION_ID"
63-->src\main\AndroidManifest.xml:33:13-69
64            android:value="@string/admob_app_id" />
64-->src\main\AndroidManifest.xml:34:13-49
65        <meta-data
65-->src\main\AndroidManifest.xml:35:9-37:36
66            android:name="com.google.android.gms.ads.AD_MANAGER_APP"
66-->src\main\AndroidManifest.xml:36:13-69
67            android:value="true" />
67-->src\main\AndroidManifest.xml:37:13-33
68
69        <activity
69-->src\main\AndroidManifest.xml:39:9-41:15
70            android:name="com.app.HeistVPN.activity.MainActivity"
70-->src\main\AndroidManifest.xml:39:19-72
71            android:launchMode="singleTask" />
71-->src\main\AndroidManifest.xml:40:13-44
72
73        <meta-data
73-->[com.github.AnchorFreePartner.hydra-sdk-android:sdk:3.4.0] AndroidManifest.xml:12:9-14:63
74            android:name="com.anchorfree.sdk.transports"
74-->[com.github.AnchorFreePartner.hydra-sdk-android:sdk:3.4.0] AndroidManifest.xml:13:13-57
75            android:resource="@raw/hydra_transports_config" />
75-->[com.github.AnchorFreePartner.hydra-sdk-android:sdk:3.4.0] AndroidManifest.xml:14:13-60
76        <meta-data
76-->[com.github.AnchorFreePartner.hydra-sdk-android:openvpn:3.4.0] AndroidManifest.xml:12:9-14:58
77            android:name="com.anchorfree.vpnsdk.vpn_config.openvpn"
77-->[com.github.AnchorFreePartner.hydra-sdk-android:openvpn:3.4.0] AndroidManifest.xml:13:13-68
78            android:resource="@raw/openvpn_vpn_config" />
78-->[com.github.AnchorFreePartner.hydra-sdk-android:openvpn:3.4.0] AndroidManifest.xml:14:13-55
79        <meta-data
79-->[com.github.AnchorFreePartner.hydra-sdk-android:hydra:3.4.0] AndroidManifest.xml:12:9-14:56
80            android:name="com.anchorfree.vpnsdk.vpn_config.hydra"
80-->[com.github.AnchorFreePartner.hydra-sdk-android:hydra:3.4.0] AndroidManifest.xml:13:13-66
81            android:resource="@raw/hydra_vpn_config" />
81-->[com.github.AnchorFreePartner.hydra-sdk-android:hydra:3.4.0] AndroidManifest.xml:14:13-53
82
83        <provider
83-->[com.github.AnchorFreePartner.hydra-sdk-android:hydra:3.4.0] AndroidManifest.xml:16:9-20:37
84            android:name="com.anchorfree.sdk.HydraTransportInitProvider"
84-->[com.github.AnchorFreePartner.hydra-sdk-android:hydra:3.4.0] AndroidManifest.xml:17:13-73
85            android:authorities="com.app.HeistVPN.sdk.transport.hydra"
85-->[com.github.AnchorFreePartner.hydra-sdk-android:hydra:3.4.0] AndroidManifest.xml:18:13-71
86            android:exported="false"
86-->[com.github.AnchorFreePartner.hydra-sdk-android:hydra:3.4.0] AndroidManifest.xml:19:13-37
87            android:initOrder="1" />
87-->[com.github.AnchorFreePartner.hydra-sdk-android:hydra:3.4.0] AndroidManifest.xml:20:13-34
88        <provider
88-->[com.github.AnchorFreePartner.hydra-sdk-android:sdk-core:3.4.0] AndroidManifest.xml:20:9-24:37
89            android:name="com.anchorfree.sdk.DBProvider"
89-->[com.github.AnchorFreePartner.hydra-sdk-android:sdk-core:3.4.0] AndroidManifest.xml:21:13-57
90            android:authorities="com.app.HeistVPN.hydra.sdk.db.provider"
90-->[com.github.AnchorFreePartner.hydra-sdk-android:sdk-core:3.4.0] AndroidManifest.xml:22:13-73
91            android:exported="false"
91-->[com.github.AnchorFreePartner.hydra-sdk-android:sdk-core:3.4.0] AndroidManifest.xml:23:13-37
92            android:initOrder="1" />
92-->[com.github.AnchorFreePartner.hydra-sdk-android:sdk-core:3.4.0] AndroidManifest.xml:24:13-34
93
94        <meta-data
94-->[com.github.AnchorFreePartner.hydra-sdk-android:sdk-core:3.4.0] AndroidManifest.xml:26:9-28:55
95            android:name="com.anchorfree.vpnsdk.vpn_config"
95-->[com.github.AnchorFreePartner.hydra-sdk-android:sdk-core:3.4.0] AndroidManifest.xml:27:13-60
96            android:resource="@raw/core_vpn_config" />
96-->[com.github.AnchorFreePartner.hydra-sdk-android:sdk-core:3.4.0] AndroidManifest.xml:28:13-52
97
98        <provider
98-->[com.github.AnchorFreePartner.hydra-sdk-android:sdk-core:3.4.0] AndroidManifest.xml:30:9-34:39
99            android:name="com.anchorfree.sdk.UnifiedSDKInitProviderMain"
99-->[com.github.AnchorFreePartner.hydra-sdk-android:sdk-core:3.4.0] AndroidManifest.xml:31:13-73
100            android:authorities="com.app.HeistVPN.anchorfree.sdk.init.provider"
100-->[com.github.AnchorFreePartner.hydra-sdk-android:sdk-core:3.4.0] AndroidManifest.xml:32:13-80
101            android:exported="false"
101-->[com.github.AnchorFreePartner.hydra-sdk-android:sdk-core:3.4.0] AndroidManifest.xml:33:13-37
102            android:initOrder="100" />
102-->[com.github.AnchorFreePartner.hydra-sdk-android:sdk-core:3.4.0] AndroidManifest.xml:34:13-36
103        <provider
103-->[com.github.AnchorFreePartner.hydra-sdk-android:sdk-core:3.4.0] AndroidManifest.xml:35:9-40:58
104            android:name="com.anchorfree.sdk.UnifiedSDKInitProviderVpn"
104-->[com.github.AnchorFreePartner.hydra-sdk-android:sdk-core:3.4.0] AndroidManifest.xml:36:13-72
105            android:authorities="com.app.HeistVPN.anchorfree.sdk.init.provider.vpn"
105-->[com.github.AnchorFreePartner.hydra-sdk-android:sdk-core:3.4.0] AndroidManifest.xml:37:13-84
106            android:exported="false"
106-->[com.github.AnchorFreePartner.hydra-sdk-android:sdk-core:3.4.0] AndroidManifest.xml:38:13-37
107            android:initOrder="100"
107-->[com.github.AnchorFreePartner.hydra-sdk-android:sdk-core:3.4.0] AndroidManifest.xml:39:13-36
108            android:process="@string/vpn_process_name" />
108-->[com.github.AnchorFreePartner.hydra-sdk-android:sdk-core:3.4.0] AndroidManifest.xml:40:13-55
109
110        <service
110-->[com.github.AnchorFree.hydra-vpn-android:hydratransport:0.18.2] AndroidManifest.xml:12:9-15:19
111            android:name="com.anchorfree.vpnsdk.transporthydra.proxyservice.HydraProxyService"
111-->[com.github.AnchorFree.hydra-vpn-android:hydratransport:0.18.2] AndroidManifest.xml:13:13-95
112            android:permission="android.permission.BIND_VPN_SERVICE" >
112-->[com.github.AnchorFree.hydra-vpn-android:hydratransport:0.18.2] AndroidManifest.xml:14:13-69
113        </service>
114        <service
114-->[com.github.AnchorFreePartner.hydra-sdk-android:sdk-notifications:3.4.0] AndroidManifest.xml:12:9-15:58
115            android:name="com.anchorfree.sdk.SdkNotificationService"
115-->[com.github.AnchorFreePartner.hydra-sdk-android:sdk-notifications:3.4.0] AndroidManifest.xml:13:13-69
116            android:exported="false"
116-->[com.github.AnchorFreePartner.hydra-sdk-android:sdk-notifications:3.4.0] AndroidManifest.xml:14:13-37
117            android:process="@string/vpn_process_name" />
117-->[com.github.AnchorFreePartner.hydra-sdk-android:sdk-notifications:3.4.0] AndroidManifest.xml:15:13-55
118
119        <provider
119-->[com.github.AnchorFreePartner.hydra-sdk-android:ucr-analytics:3.4.0] AndroidManifest.xml:15:9-21:20
120            android:name="com.anchorfree.ucr.UCRContentProvider"
120-->[com.github.AnchorFreePartner.hydra-sdk-android:ucr-analytics:3.4.0] AndroidManifest.xml:16:13-65
121            android:authorities="com.app.HeistVPN.ucr.provider"
121-->[com.github.AnchorFreePartner.hydra-sdk-android:ucr-analytics:3.4.0] AndroidManifest.xml:17:13-64
122            android:enabled="true"
122-->[com.github.AnchorFreePartner.hydra-sdk-android:ucr-analytics:3.4.0] AndroidManifest.xml:18:13-35
123            android:exported="false"
123-->[com.github.AnchorFreePartner.hydra-sdk-android:ucr-analytics:3.4.0] AndroidManifest.xml:19:13-37
124            android:multiprocess="false" >
124-->[com.github.AnchorFreePartner.hydra-sdk-android:ucr-analytics:3.4.0] AndroidManifest.xml:20:13-41
125        </provider>
126
127        <service
127-->[com.github.AnchorFreePartner.hydra-sdk-android:ucr-analytics:3.4.0] AndroidManifest.xml:23:9-27:19
128            android:name="com.anchorfree.ucr.UCRService"
128-->[com.github.AnchorFreePartner.hydra-sdk-android:ucr-analytics:3.4.0] AndroidManifest.xml:24:13-57
129            android:enabled="true"
129-->[com.github.AnchorFreePartner.hydra-sdk-android:ucr-analytics:3.4.0] AndroidManifest.xml:25:13-35
130            android:exported="false" >
130-->[com.github.AnchorFreePartner.hydra-sdk-android:ucr-analytics:3.4.0] AndroidManifest.xml:26:13-37
131        </service>
132
133        <activity
133-->[com.github.AnchorFree.hydra-vpn-android:corevpn:0.18.2] AndroidManifest.xml:16:9-21:75
134            android:name="com.anchorfree.vpnsdk.vpnservice.StartVPNServiceShadowActivity"
134-->[com.github.AnchorFree.hydra-vpn-android:corevpn:0.18.2] AndroidManifest.xml:17:13-90
135            android:label="@string/app_name"
135-->[com.github.AnchorFree.hydra-vpn-android:corevpn:0.18.2] AndroidManifest.xml:18:13-45
136            android:launchMode="singleTask"
136-->[com.github.AnchorFree.hydra-vpn-android:corevpn:0.18.2] AndroidManifest.xml:19:13-44
137            android:process="@string/vpn_process_name"
137-->[com.github.AnchorFree.hydra-vpn-android:corevpn:0.18.2] AndroidManifest.xml:20:13-55
138            android:theme="@android:style/Theme.Translucent.NoTitleBar" />
138-->[com.github.AnchorFree.hydra-vpn-android:corevpn:0.18.2] AndroidManifest.xml:21:13-72
139
140        <provider
140-->[com.github.AnchorFree.hydra-vpn-android:corevpn:0.18.2] AndroidManifest.xml:23:9-26:40
141            android:name="com.anchorfree.vpnsdk.vpnservice.config.VpnConfigProvider"
141-->[com.github.AnchorFree.hydra-vpn-android:corevpn:0.18.2] AndroidManifest.xml:24:13-85
142            android:authorities="com.app.HeistVPN.vpn_config"
142-->[com.github.AnchorFree.hydra-vpn-android:corevpn:0.18.2] AndroidManifest.xml:25:13-62
143            android:exported="false" />
143-->[com.github.AnchorFree.hydra-vpn-android:corevpn:0.18.2] AndroidManifest.xml:26:13-37
144        <provider
144-->[com.github.AnchorFree.hydra-vpn-android:corevpn:0.18.2] AndroidManifest.xml:27:9-30:40
145            android:name="com.anchorfree.vpnsdk.vpnservice.credentials.CredentialsContentProvider"
145-->[com.github.AnchorFree.hydra-vpn-android:corevpn:0.18.2] AndroidManifest.xml:28:13-99
146            android:authorities="com.app.HeistVPN.credentials"
146-->[com.github.AnchorFree.hydra-vpn-android:corevpn:0.18.2] AndroidManifest.xml:29:13-63
147            android:exported="false" />
147-->[com.github.AnchorFree.hydra-vpn-android:corevpn:0.18.2] AndroidManifest.xml:30:13-37
148
149        <service
149-->[com.github.AnchorFree.hydra-vpn-android:corevpn:0.18.2] AndroidManifest.xml:32:9-40:19
150            android:name="com.anchorfree.vpnsdk.vpnservice.AFVpnService"
150-->[com.github.AnchorFree.hydra-vpn-android:corevpn:0.18.2] AndroidManifest.xml:33:13-73
151            android:enabled="@bool/vpn_process_enabled"
151-->[com.github.AnchorFree.hydra-vpn-android:corevpn:0.18.2] AndroidManifest.xml:34:13-56
152            android:permission="android.permission.BIND_VPN_SERVICE"
152-->[com.github.AnchorFree.hydra-vpn-android:corevpn:0.18.2] AndroidManifest.xml:35:13-69
153            android:process="@string/vpn_process_name" >
153-->[com.github.AnchorFree.hydra-vpn-android:corevpn:0.18.2] AndroidManifest.xml:36:13-55
154            <intent-filter>
154-->[com.github.AnchorFree.hydra-vpn-android:corevpn:0.18.2] AndroidManifest.xml:37:13-39:29
155                <action android:name="android.net.VpnService" />
155-->[com.github.AnchorFree.hydra-vpn-android:corevpn:0.18.2] AndroidManifest.xml:38:17-65
155-->[com.github.AnchorFree.hydra-vpn-android:corevpn:0.18.2] AndroidManifest.xml:38:25-62
156            </intent-filter>
157        </service> <!-- Include the AdActivity and InAppPurchaseActivity configChanges and themes. -->
158        <activity
158-->[com.google.android.gms:play-services-ads-lite:20.2.0] AndroidManifest.xml:48:9-52:64
159            android:name="com.google.android.gms.ads.AdActivity"
159-->[com.google.android.gms:play-services-ads-lite:20.2.0] AndroidManifest.xml:49:13-65
160            android:configChanges="keyboard|keyboardHidden|orientation|screenLayout|uiMode|screenSize|smallestScreenSize"
160-->[com.google.android.gms:play-services-ads-lite:20.2.0] AndroidManifest.xml:50:13-122
161            android:exported="false"
161-->[com.google.android.gms:play-services-ads-lite:20.2.0] AndroidManifest.xml:51:13-37
162            android:theme="@android:style/Theme.Translucent" />
162-->[com.google.android.gms:play-services-ads-lite:20.2.0] AndroidManifest.xml:52:13-61
163
164        <provider
164-->[com.google.android.gms:play-services-ads-lite:20.2.0] AndroidManifest.xml:54:9-58:39
165            android:name="com.google.android.gms.ads.MobileAdsInitProvider"
165-->[com.google.android.gms:play-services-ads-lite:20.2.0] AndroidManifest.xml:55:13-76
166            android:authorities="com.app.HeistVPN.mobileadsinitprovider"
166-->[com.google.android.gms:play-services-ads-lite:20.2.0] AndroidManifest.xml:56:13-73
167            android:exported="false"
167-->[com.google.android.gms:play-services-ads-lite:20.2.0] AndroidManifest.xml:57:13-37
168            android:initOrder="100" />
168-->[com.google.android.gms:play-services-ads-lite:20.2.0] AndroidManifest.xml:58:13-36
169
170        <service
170-->[com.google.android.gms:play-services-ads-lite:20.2.0] AndroidManifest.xml:60:9-63:40
171            android:name="com.google.android.gms.ads.AdService"
171-->[com.google.android.gms:play-services-ads-lite:20.2.0] AndroidManifest.xml:61:13-64
172            android:enabled="true"
172-->[com.google.android.gms:play-services-ads-lite:20.2.0] AndroidManifest.xml:62:13-35
173            android:exported="false" />
173-->[com.google.android.gms:play-services-ads-lite:20.2.0] AndroidManifest.xml:63:13-37
174
175        <meta-data
175-->[com.google.android.gms:play-services-basement:17.6.0] AndroidManifest.xml:23:9-25:69
176            android:name="com.google.android.gms.version"
176-->[com.google.android.gms:play-services-basement:17.6.0] AndroidManifest.xml:24:13-58
177            android:value="@integer/google_play_services_version" />
177-->[com.google.android.gms:play-services-basement:17.6.0] AndroidManifest.xml:25:13-66
178
179        <provider
179-->[androidx.work:work-runtime:2.1.0] AndroidManifest.xml:30:9-36:35
180            android:name="androidx.work.impl.WorkManagerInitializer"
180-->[androidx.work:work-runtime:2.1.0] AndroidManifest.xml:31:13-69
181            android:authorities="com.app.HeistVPN.workmanager-init"
181-->[androidx.work:work-runtime:2.1.0] AndroidManifest.xml:32:13-68
182            android:directBootAware="false"
182-->[androidx.work:work-runtime:2.1.0] AndroidManifest.xml:33:13-44
183            android:exported="false"
183-->[androidx.work:work-runtime:2.1.0] AndroidManifest.xml:34:13-37
184            android:multiprocess="true" />
184-->[androidx.work:work-runtime:2.1.0] AndroidManifest.xml:35:13-40
185
186        <service
186-->[androidx.work:work-runtime:2.1.0] AndroidManifest.xml:38:9-43:35
187            android:name="androidx.work.impl.background.systemalarm.SystemAlarmService"
187-->[androidx.work:work-runtime:2.1.0] AndroidManifest.xml:39:13-88
188            android:directBootAware="false"
188-->[androidx.work:work-runtime:2.1.0] AndroidManifest.xml:40:13-44
189            android:enabled="@bool/enable_system_alarm_service_default"
189-->[androidx.work:work-runtime:2.1.0] AndroidManifest.xml:41:13-72
190            android:exported="false" />
190-->[androidx.work:work-runtime:2.1.0] AndroidManifest.xml:42:13-37
191        <service
191-->[androidx.work:work-runtime:2.1.0] AndroidManifest.xml:44:9-50:35
192            android:name="androidx.work.impl.background.systemjob.SystemJobService"
192-->[androidx.work:work-runtime:2.1.0] AndroidManifest.xml:45:13-84
193            android:directBootAware="false"
193-->[androidx.work:work-runtime:2.1.0] AndroidManifest.xml:46:13-44
194            android:enabled="@bool/enable_system_job_service_default"
194-->[androidx.work:work-runtime:2.1.0] AndroidManifest.xml:47:13-70
195            android:exported="true"
195-->[androidx.work:work-runtime:2.1.0] AndroidManifest.xml:48:13-36
196            android:permission="android.permission.BIND_JOB_SERVICE" />
196-->[androidx.work:work-runtime:2.1.0] AndroidManifest.xml:49:13-69
197
198        <receiver
198-->[androidx.work:work-runtime:2.1.0] AndroidManifest.xml:52:9-57:35
199            android:name="androidx.work.impl.utils.ForceStopRunnable$BroadcastReceiver"
199-->[androidx.work:work-runtime:2.1.0] AndroidManifest.xml:53:13-88
200            android:directBootAware="false"
200-->[androidx.work:work-runtime:2.1.0] AndroidManifest.xml:54:13-44
201            android:enabled="true"
201-->[androidx.work:work-runtime:2.1.0] AndroidManifest.xml:55:13-35
202            android:exported="false" />
202-->[androidx.work:work-runtime:2.1.0] AndroidManifest.xml:56:13-37
203        <receiver
203-->[androidx.work:work-runtime:2.1.0] AndroidManifest.xml:58:9-68:20
204            android:name="androidx.work.impl.background.systemalarm.ConstraintProxy$BatteryChargingProxy"
204-->[androidx.work:work-runtime:2.1.0] AndroidManifest.xml:59:13-106
205            android:directBootAware="false"
205-->[androidx.work:work-runtime:2.1.0] AndroidManifest.xml:60:13-44
206            android:enabled="false"
206-->[androidx.work:work-runtime:2.1.0] AndroidManifest.xml:61:13-36
207            android:exported="false" >
207-->[androidx.work:work-runtime:2.1.0] AndroidManifest.xml:62:13-37
208            <intent-filter>
208-->[androidx.work:work-runtime:2.1.0] AndroidManifest.xml:64:13-67:29
209                <action android:name="android.intent.action.ACTION_POWER_CONNECTED" />
209-->[androidx.work:work-runtime:2.1.0] AndroidManifest.xml:65:17-87
209-->[androidx.work:work-runtime:2.1.0] AndroidManifest.xml:65:25-84
210                <action android:name="android.intent.action.ACTION_POWER_DISCONNECTED" />
210-->[androidx.work:work-runtime:2.1.0] AndroidManifest.xml:66:17-90
210-->[androidx.work:work-runtime:2.1.0] AndroidManifest.xml:66:25-87
211            </intent-filter>
212        </receiver>
213        <receiver
213-->[androidx.work:work-runtime:2.1.0] AndroidManifest.xml:69:9-79:20
214            android:name="androidx.work.impl.background.systemalarm.ConstraintProxy$BatteryNotLowProxy"
214-->[androidx.work:work-runtime:2.1.0] AndroidManifest.xml:70:13-104
215            android:directBootAware="false"
215-->[androidx.work:work-runtime:2.1.0] AndroidManifest.xml:71:13-44
216            android:enabled="false"
216-->[androidx.work:work-runtime:2.1.0] AndroidManifest.xml:72:13-36
217            android:exported="false" >
217-->[androidx.work:work-runtime:2.1.0] AndroidManifest.xml:73:13-37
218            <intent-filter>
218-->[androidx.work:work-runtime:2.1.0] AndroidManifest.xml:75:13-78:29
219                <action android:name="android.intent.action.BATTERY_OKAY" />
219-->[androidx.work:work-runtime:2.1.0] AndroidManifest.xml:76:17-77
219-->[androidx.work:work-runtime:2.1.0] AndroidManifest.xml:76:25-74
220                <action android:name="android.intent.action.BATTERY_LOW" />
220-->[androidx.work:work-runtime:2.1.0] AndroidManifest.xml:77:17-76
220-->[androidx.work:work-runtime:2.1.0] AndroidManifest.xml:77:25-73
221            </intent-filter>
222        </receiver>
223        <receiver
223-->[androidx.work:work-runtime:2.1.0] AndroidManifest.xml:80:9-90:20
224            android:name="androidx.work.impl.background.systemalarm.ConstraintProxy$StorageNotLowProxy"
224-->[androidx.work:work-runtime:2.1.0] AndroidManifest.xml:81:13-104
225            android:directBootAware="false"
225-->[androidx.work:work-runtime:2.1.0] AndroidManifest.xml:82:13-44
226            android:enabled="false"
226-->[androidx.work:work-runtime:2.1.0] AndroidManifest.xml:83:13-36
227            android:exported="false" >
227-->[androidx.work:work-runtime:2.1.0] AndroidManifest.xml:84:13-37
228            <intent-filter>
228-->[androidx.work:work-runtime:2.1.0] AndroidManifest.xml:86:13-89:29
229                <action android:name="android.intent.action.DEVICE_STORAGE_LOW" />
229-->[androidx.work:work-runtime:2.1.0] AndroidManifest.xml:87:17-83
229-->[androidx.work:work-runtime:2.1.0] AndroidManifest.xml:87:25-80
230                <action android:name="android.intent.action.DEVICE_STORAGE_OK" />
230-->[androidx.work:work-runtime:2.1.0] AndroidManifest.xml:88:17-82
230-->[androidx.work:work-runtime:2.1.0] AndroidManifest.xml:88:25-79
231            </intent-filter>
232        </receiver>
233        <receiver
233-->[androidx.work:work-runtime:2.1.0] AndroidManifest.xml:91:9-100:20
234            android:name="androidx.work.impl.background.systemalarm.ConstraintProxy$NetworkStateProxy"
234-->[androidx.work:work-runtime:2.1.0] AndroidManifest.xml:92:13-103
235            android:directBootAware="false"
235-->[androidx.work:work-runtime:2.1.0] AndroidManifest.xml:93:13-44
236            android:enabled="false"
236-->[androidx.work:work-runtime:2.1.0] AndroidManifest.xml:94:13-36
237            android:exported="false" >
237-->[androidx.work:work-runtime:2.1.0] AndroidManifest.xml:95:13-37
238            <intent-filter>
238-->[androidx.work:work-runtime:2.1.0] AndroidManifest.xml:97:13-99:29
239                <action android:name="android.net.conn.CONNECTIVITY_CHANGE" />
239-->[androidx.work:work-runtime:2.1.0] AndroidManifest.xml:98:17-79
239-->[androidx.work:work-runtime:2.1.0] AndroidManifest.xml:98:25-76
240            </intent-filter>
241        </receiver>
242        <receiver
242-->[androidx.work:work-runtime:2.1.0] AndroidManifest.xml:101:9-112:20
243            android:name="androidx.work.impl.background.systemalarm.RescheduleReceiver"
243-->[androidx.work:work-runtime:2.1.0] AndroidManifest.xml:102:13-88
244            android:directBootAware="false"
244-->[androidx.work:work-runtime:2.1.0] AndroidManifest.xml:103:13-44
245            android:enabled="false"
245-->[androidx.work:work-runtime:2.1.0] AndroidManifest.xml:104:13-36
246            android:exported="false" >
246-->[androidx.work:work-runtime:2.1.0] AndroidManifest.xml:105:13-37
247            <intent-filter>
247-->[androidx.work:work-runtime:2.1.0] AndroidManifest.xml:107:13-111:29
248                <action android:name="android.intent.action.BOOT_COMPLETED" />
248-->[androidx.work:work-runtime:2.1.0] AndroidManifest.xml:108:17-79
248-->[androidx.work:work-runtime:2.1.0] AndroidManifest.xml:108:25-76
249                <action android:name="android.intent.action.TIME_SET" />
249-->[androidx.work:work-runtime:2.1.0] AndroidManifest.xml:109:17-73
249-->[androidx.work:work-runtime:2.1.0] AndroidManifest.xml:109:25-70
250                <action android:name="android.intent.action.TIMEZONE_CHANGED" />
250-->[androidx.work:work-runtime:2.1.0] AndroidManifest.xml:110:17-81
250-->[androidx.work:work-runtime:2.1.0] AndroidManifest.xml:110:25-78
251            </intent-filter>
252        </receiver>
253        <receiver
253-->[androidx.work:work-runtime:2.1.0] AndroidManifest.xml:113:9-122:20
254            android:name="androidx.work.impl.background.systemalarm.ConstraintProxyUpdateReceiver"
254-->[androidx.work:work-runtime:2.1.0] AndroidManifest.xml:114:13-99
255            android:directBootAware="false"
255-->[androidx.work:work-runtime:2.1.0] AndroidManifest.xml:115:13-44
256            android:enabled="@bool/enable_system_alarm_service_default"
256-->[androidx.work:work-runtime:2.1.0] AndroidManifest.xml:116:13-72
257            android:exported="false" >
257-->[androidx.work:work-runtime:2.1.0] AndroidManifest.xml:117:13-37
258            <intent-filter>
258-->[androidx.work:work-runtime:2.1.0] AndroidManifest.xml:119:13-121:29
259                <action android:name="androidx.work.impl.background.systemalarm.UpdateProxies" />
259-->[androidx.work:work-runtime:2.1.0] AndroidManifest.xml:120:17-98